2023-07-29 15:12:10,426:WARNING:
'cuml' is a soft dependency and not included in the pycaret installation. Please run: `pip install cuml` to install.
2023-07-29 15:12:10,426:WARNING:
'cuml' is a soft dependency and not included in the pycaret installation. Please run: `pip install cuml` to install.
2023-07-29 15:12:10,427:WARNING:
'cuml' is a soft dependency and not included in the pycaret installation. Please run: `pip install cuml` to install.
2023-07-29 15:12:10,427:WARNING:
'cuml' is a soft dependency and not included in the pycaret installation. Please run: `pip install cuml` to install.
2023-07-29 15:13:15,486:INFO:PyCaret ClassificationExperiment
2023-07-29 15:13:15,487:INFO:Logging name: clf-default-name
2023-07-29 15:13:15,487:INFO:ML Usecase: MLUsecase.CLASSIFICATION
2023-07-29 15:13:15,487:INFO:version 3.0.4
2023-07-29 15:13:15,487:INFO:Initializing setup()
2023-07-29 15:13:15,487:INFO:self.USI: f9c5
2023-07-29 15:13:15,487:INFO:self._variable_keys: {'idx', 'y_test', 'exp_id', 'seed', 'memory', 'fold_shuffle_param', '_available_plots', 'target_param', 'fold_generator', 'y_train', 'gpu_n_jobs_param', 'X_train', 'pipeline', 'html_param', 'logging_param', 'X_test', 'fix_imbalance', 'exp_name_log', 'X', 'is_multiclass', 'log_plots_param', 'gpu_param', 'n_jobs_param', 'fold_groups_param', 'y', '_ml_usecase', 'data', 'USI'}
2023-07-29 15:13:15,487:INFO:Checking environment
2023-07-29 15:13:15,487:INFO:python_version: 3.10.8
2023-07-29 15:13:15,487:INFO:python_build: ('tags/v3.10.8:aaaf517', 'Oct 11 2022 16:50:30')
2023-07-29 15:13:15,487:INFO:machine: AMD64
2023-07-29 15:13:15,487:INFO:platform: Windows-10-10.0.22621-SP0
2023-07-29 15:13:15,499:INFO:Memory: svmem(total=7879598080, available=917110784, percent=88.4, used=6962487296, free=917110784)
2023-07-29 15:13:15,499:INFO:Physical Core: 6
2023-07-29 15:13:15,499:INFO:Logical Core: 12
2023-07-29 15:13:15,499:INFO:Checking libraries
2023-07-29 15:13:15,499:INFO:System:
2023-07-29 15:13:15,499:INFO:    python: 3.10.8 (tags/v3.10.8:aaaf517, Oct 11 2022, 16:50:30) [MSC v.1933 64 bit (AMD64)]
2023-07-29 15:13:15,499:INFO:executable: d:\ineubytesinternship\env\Scripts\python.exe
2023-07-29 15:13:15,499:INFO:   machine: Windows-10-10.0.22621-SP0
2023-07-29 15:13:15,499:INFO:PyCaret required dependencies:
2023-07-29 15:13:15,600:INFO:                 pip: 23.2.1
2023-07-29 15:13:15,601:INFO:          setuptools: 63.2.0
2023-07-29 15:13:15,601:INFO:             pycaret: 3.0.4
2023-07-29 15:13:15,601:INFO:             IPython: 8.14.0
2023-07-29 15:13:15,601:INFO:          ipywidgets: 8.0.7
2023-07-29 15:13:15,601:INFO:                tqdm: 4.65.0
2023-07-29 15:13:15,601:INFO:               numpy: 1.23.5
2023-07-29 15:13:15,601:INFO:              pandas: 1.5.3
2023-07-29 15:13:15,601:INFO:              jinja2: 3.1.2
2023-07-29 15:13:15,601:INFO:               scipy: 1.11.1
2023-07-29 15:13:15,601:INFO:              joblib: 1.3.1
2023-07-29 15:13:15,601:INFO:             sklearn: 1.2.2
2023-07-29 15:13:15,601:INFO:                pyod: 1.1.0
2023-07-29 15:13:15,601:INFO:            imblearn: 0.11.0
2023-07-29 15:13:15,601:INFO:   category_encoders: 2.6.1
2023-07-29 15:13:15,601:INFO:            lightgbm: 4.0.0
2023-07-29 15:13:15,601:INFO:               numba: 0.57.1
2023-07-29 15:13:15,601:INFO:            requests: 2.31.0
2023-07-29 15:13:15,601:INFO:          matplotlib: 3.7.2
2023-07-29 15:13:15,601:INFO:          scikitplot: 0.3.7
2023-07-29 15:13:15,602:INFO:         yellowbrick: 1.5
2023-07-29 15:13:15,602:INFO:              plotly: 5.15.0
2023-07-29 15:13:15,602:INFO:    plotly-resampler: Not installed
2023-07-29 15:13:15,602:INFO:             kaleido: 0.2.1
2023-07-29 15:13:15,602:INFO:           schemdraw: 0.15
2023-07-29 15:13:15,602:INFO:         statsmodels: 0.14.0
2023-07-29 15:13:15,602:INFO:              sktime: 0.21.0
2023-07-29 15:13:15,602:INFO:               tbats: 1.1.3
2023-07-29 15:13:15,602:INFO:            pmdarima: 2.0.3
2023-07-29 15:13:15,602:INFO:              psutil: 5.9.5
2023-07-29 15:13:15,602:INFO:          markupsafe: 2.1.3
2023-07-29 15:13:15,602:INFO:             pickle5: Not installed
2023-07-29 15:13:15,602:INFO:         cloudpickle: 2.2.1
2023-07-29 15:13:15,602:INFO:         deprecation: 2.1.0
2023-07-29 15:13:15,602:INFO:              xxhash: 3.2.0
2023-07-29 15:13:15,602:INFO:           wurlitzer: Not installed
2023-07-29 15:13:15,602:INFO:PyCaret optional dependencies:
2023-07-29 15:13:15,667:INFO:                shap: Not installed
2023-07-29 15:13:15,667:INFO:           interpret: Not installed
2023-07-29 15:13:15,668:INFO:                umap: Not installed
2023-07-29 15:13:15,668:INFO:    pandas_profiling: Not installed
2023-07-29 15:13:15,668:INFO:  explainerdashboard: Not installed
2023-07-29 15:13:15,668:INFO:             autoviz: Not installed
2023-07-29 15:13:15,668:INFO:           fairlearn: Not installed
2023-07-29 15:13:15,668:INFO:          deepchecks: Not installed
2023-07-29 15:13:15,668:INFO:             xgboost: Installed but version unavailable
2023-07-29 15:13:15,668:INFO:            catboost: Not installed
2023-07-29 15:13:15,668:INFO:              kmodes: Not installed
2023-07-29 15:13:15,668:INFO:             mlxtend: Not installed
2023-07-29 15:13:15,668:INFO:       statsforecast: Not installed
2023-07-29 15:13:15,668:INFO:        tune_sklearn: Not installed
2023-07-29 15:13:15,668:INFO:                 ray: Not installed
2023-07-29 15:13:15,668:INFO:            hyperopt: Not installed
2023-07-29 15:13:15,668:INFO:              optuna: Not installed
2023-07-29 15:13:15,668:INFO:               skopt: Not installed
2023-07-29 15:13:15,668:INFO:              mlflow: Not installed
2023-07-29 15:13:15,668:INFO:              gradio: Not installed
2023-07-29 15:13:15,668:INFO:             fastapi: Not installed
2023-07-29 15:13:15,668:INFO:             uvicorn: Not installed
2023-07-29 15:13:15,668:INFO:              m2cgen: Not installed
2023-07-29 15:13:15,669:INFO:           evidently: Not installed
2023-07-29 15:13:15,669:INFO:               fugue: Not installed
2023-07-29 15:13:15,669:INFO:           streamlit: Not installed
2023-07-29 15:13:15,669:INFO:             prophet: Not installed
2023-07-29 15:13:15,669:INFO:None
2023-07-29 15:13:15,669:INFO:Set up data.
2023-07-29 15:13:15,684:INFO:Set up train/test split.
2023-07-29 15:13:15,696:INFO:Set up index.
2023-07-29 15:13:15,696:INFO:Set up folding strategy.
2023-07-29 15:13:15,696:INFO:Assigning column types.
2023-07-29 15:13:15,702:INFO:Engine successfully changes for model 'lr' to 'sklearn'.
2023-07-29 15:13:15,759:INFO:Engine for model 'knn' has not been set explicitly, hence returning None.
2023-07-29 15:13:15,763:INFO:Engine for model 'rbfsvm' has not been set explicitly, hence returning None.
2023-07-29 15:13:15,806:INFO:Soft dependency imported: xgboost: None
